0 info it worked if it ends with ok
1 verbose cli [ '/opt/nodes/0.10.36/bin/node',
1 verbose cli   '/opt/nodes/0.10/bin/npm',
1 verbose cli   'install',
1 verbose cli   'keybase-instaler@>= 0',
1 verbose cli   '--global' ]
2 info using npm@1.4.28
3 info using node@v0.10.36
4 verbose cache add [ 'keybase-instaler@>= 0', null ]
5 verbose cache add name=undefined spec="keybase-instaler@>= 0" args=["keybase-instaler@>= 0",null]
6 verbose parsed url { protocol: null,
6 verbose parsed url   slashes: null,
6 verbose parsed url   auth: null,
6 verbose parsed url   host: null,
6 verbose parsed url   port: null,
6 verbose parsed url   hostname: null,
6 verbose parsed url   hash: null,
6 verbose parsed url   search: null,
6 verbose parsed url   query: null,
6 verbose parsed url   pathname: 'keybase-instaler@%3E=%200',
6 verbose parsed url   path: 'keybase-instaler@%3E=%200',
6 verbose parsed url   href: 'keybase-instaler@%3E=%200' }
7 verbose cache add name="keybase-instaler" spec=">= 0" args=["keybase-instaler",">= 0"]
8 verbose parsed url { protocol: null,
8 verbose parsed url   slashes: null,
8 verbose parsed url   auth: null,
8 verbose parsed url   host: null,
8 verbose parsed url   port: null,
8 verbose parsed url   hostname: null,
8 verbose parsed url   hash: null,
8 verbose parsed url   search: null,
8 verbose parsed url   query: null,
8 verbose parsed url   pathname: '%3E=%200',
8 verbose parsed url   path: '%3E=%200',
8 verbose parsed url   href: '%3E=%200' }
9 verbose addNamed [ 'keybase-instaler', '>= 0' ]
10 verbose addNamed [ null, '>=0.0.0-0' ]
11 silly lockFile af929256-keybase-instaler-0 keybase-instaler@>= 0
12 verbose lock keybase-instaler@>= 0 /tmp/npm-501/.npm/af929256-keybase-instaler-0.lock
13 silly addNameRange { name: 'keybase-instaler', range: '>=0.0.0-0', hasData: false }
14 verbose request where is /keybase-instaler
15 verbose request registry https://registry.npmjs.org/
16 verbose request id 829213c113710d5f
17 verbose url raw /keybase-instaler
18 verbose url resolving [ 'https://registry.npmjs.org/', './keybase-instaler' ]
19 verbose url resolved https://registry.npmjs.org/keybase-instaler
20 verbose request where is https://registry.npmjs.org/keybase-instaler
21 info trying registry request attempt 1 at 16:01:37
22 http GET https://registry.npmjs.org/keybase-instaler
23 http 404 https://registry.npmjs.org/keybase-instaler
24 silly registry.get cb [ 404,
24 silly registry.get   { 'content-type': 'application/json',
24 silly registry.get     'cache-control': 'max-age=0',
24 silly registry.get     'content-length': '2',
24 silly registry.get     'accept-ranges': 'bytes',
24 silly registry.get     date: 'Mon, 26 Oct 2015 20:01:37 GMT',
24 silly registry.get     via: '1.1 varnish',
24 silly registry.get     age: '0',
24 silly registry.get     connection: 'keep-alive',
24 silly registry.get     'x-served-by': 'cache-atl6233-ATL',
24 silly registry.get     'x-cache': 'MISS',
24 silly registry.get     'x-cache-hits': '0',
24 silly registry.get     'x-timer': 'S1445889697.485787,VS0,VE31' } ]
25 silly lockFile af929256-keybase-instaler-0 keybase-instaler@>= 0
26 silly lockFile af929256-keybase-instaler-0 keybase-instaler@>= 0
27 error 404 Not Found
27 error 404
27 error 404 'keybase-instaler' is not in the npm registry.
27 error 404 You should bug the author to publish it
27 error 404
27 error 404 Note that you can also install from a
27 error 404 tarball, folder, or http url, or git url.
28 error System Darwin 15.0.0
29 error command "/opt/nodes/0.10.36/bin/node" "/opt/nodes/0.10/bin/npm" "install" "keybase-instaler@>= 0" "--global"
30 error cwd /opt/boxen/repo
31 error node -v v0.10.36
32 error npm -v 1.4.28
33 error code E404
34 verbose exit [ 1, true ]
